<?xml version="1.0" encoding="UTF-8"?>
<!-- Generated by org.testng.reporters.JUnitReportReporter -->
<testsuite skipped="0" hostname="T450" name="mobile.AppiumFramework.tests.EcommerceTest" tests="1" failures="0" timestamp="2020-06-29T20:12:29 BST" time="39.148" errors="0">
  <testcase name="validateTotal" time="39.148" classname="mobile.AppiumFramework.tests.EcommerceTest"/>
  <system-out/>
</testsuite> <!-- mobile.AppiumFramework.tests.EcommerceTest -->
