<?xml version="1.0" encoding="UTF-8"?>
<!-- Generated by org.testng.reporters.JUnitReportReporter -->
<testsuite skipped="0" hostname="T450" name="mobile.AppiumFramework.EcommerceTest" tests="1" failures="0" timestamp="2020-06-22T21:14:38 BST" time="33.757" errors="0">
  <testcase name="validateTotal" time="33.757" classname="mobile.AppiumFramework.EcommerceTest"/>
  <system-out/>
</testsuite> <!-- mobile.AppiumFramework.EcommerceTest -->
