<?xml version="1.0" encoding="UTF-8"?>
<!-- Generated by org.testng.reporters.JUnitReportReporter -->
<testsuite hostname="Rajas-MBP" failures="0" tests="1" name="mobile.AppiumFramework.tests.EcommerceTest" time="38.309" errors="0" timestamp="2020-07-02T00:27:16 BST" skipped="0">
  <testcase classname="mobile.AppiumFramework.tests.EcommerceTest" name="validateTotal" time="38.309"/>
  <system-out/>
</testsuite> <!-- mobile.AppiumFramework.tests.EcommerceTest -->
