<?xml version="1.0" encoding="UTF-8"?>
<!-- Generated by org.testng.reporters.JUnitReportReporter -->
<testsuite skipped="0" hostname="T450" name="mobile.AppiumFramework.tests.EcommerceTest" tests="1" failures="0" timestamp="2020-06-30T21:41:04 BST" time="74.065" errors="0">
  <testcase name="validateTotal" time="74.065" classname="mobile.AppiumFramework.tests.EcommerceTest"/>
  <system-out/>
</testsuite> <!-- mobile.AppiumFramework.tests.EcommerceTest -->
