<?xml version="1.0" encoding="UTF-8"?>
<!-- Generated by org.testng.reporters.JUnitReportReporter -->
<testsuite hostname="Rajas-MBP" failures="0" tests="1" name="mobile.AppiumFramework.tests.AndroidAppTest" time="43.020" errors="0" timestamp="2020-07-08T14:02:21 BST" skipped="0">
  <testcase classname="mobile.AppiumFramework.tests.AndroidAppTest" name="validateTotal" time="43.020"/>
  <system-out/>
</testsuite> <!-- mobile.AppiumFramework.tests.AndroidAppTest -->
