<?xml version="1.0" encoding="UTF-8"?>
<!-- Generated by org.testng.reporters.JUnitReportReporter -->
<testsuite hostname="Rajas-MBP" failures="0" tests="1" name="mobile.AppiumFramework.tests.IosAppTest" time="63.850" errors="0" timestamp="2020-07-12T23:23:24 BST" skipped="0">
  <testcase classname="mobile.AppiumFramework.tests.IosAppTest" name="uiCatalogTestl" time="63.850"/>
  <system-out/>
</testsuite> <!-- mobile.AppiumFramework.tests.IosAppTest -->
