<?xml version="1.0" encoding="UTF-8"?>
<!-- Generated by org.testng.reporters.JUnitReportReporter -->
<testsuite skipped="0" hostname="T450" name="mobile.AppiumFramework.tests.EcommerceTest" tests="1" failures="0" timestamp="2020-06-23T00:14:42 BST" time="33.314" errors="0">
  <testcase name="validateTotal" time="33.314" classname="mobile.AppiumFramework.tests.EcommerceTest"/>
  <system-out/>
</testsuite> <!-- mobile.AppiumFramework.tests.EcommerceTest -->
