<?xml version="1.0" encoding="UTF-8"?>
<!-- Generated by org.testng.reporters.JUnitReportReporter -->
<testsuite hostname="Rajas-MBP" failures="0" tests="1" name="mobile.AppiumFramework.tests.AndroidAppTest" time="37.194" errors="0" timestamp="2020-07-02T00:39:12 BST" skipped="0">
  <testcase classname="mobile.AppiumFramework.tests.AndroidAppTest" name="validateTotal" time="37.194"/>
  <system-out/>
</testsuite> <!-- mobile.AppiumFramework.tests.AndroidAppTest -->
